<?xml version="1.0" encoding="UTF-8"?>
<!-- Generated by org.testng.reporters.JUnitReportReporter -->
<testsuite hostname="ASUS" failures="0" tests="2" name="TestLogin.guru99_login" time="1.858" errors="0" timestamp="2022-05-10T22:48:04 IST" skipped="0">
  <testcase classname="TestLogin.guru99_login" name="Login" time="1.850"/>
  <system-out/>
  <testcase classname="TestLogin.guru99_login" name="verifyTitle" time="0.008"/>
  <system-out/>
</testsuite> <!-- TestLogin.guru99_login -->
